<?xml version="1.0" encoding="utf-8" standalone="yes"?>
<coverage line-rate="0.4375" branch-rate="1" complexity="5" version="1.9" timestamp="1674657520" lines-covered="7" lines-valid="16">
  <packages>
    <package line-rate="0.25" branch-rate="0" complexity="4" name="ScientificCalculator">
      <classes>
        <class line-rate="0.25" branch-rate="1" complexity="4" name="ScientificCalculator.Calculator" filename="C:\Users\e001150\GithubActionsExample\ScientificCalculator\Calculator.cs">
          <methods>
            <method line-rate="1" branch-rate="1" complexity="1" name="Add" signature="(int, int)">
              <lines>
                <line number="3" hits="1" branch="False" />
                <line number="4" hits="1" branch="False" />
                <line number="5" hits="1" branch="False" />
              </lines>
            </method>
            <method line-rate="0" branch-rate="1" complexity="1" name="Sub" signature="(int, int)">
              <lines>
                <line number="7" hits="0" branch="False" />
                <line number="8" hits="0" branch="False" />
                <line number="9" hits="0" branch="False" />
              </lines>
            </method>
            <method line-rate="0" branch-rate="1" complexity="1" name="Mul" signature="(int, int)">
              <lines>
                <line number="11" hits="0" branch="False" />
                <line number="12" hits="0" branch="False" />
                <line number="13" hits="0" branch="False" />
              </lines>
            </method>
            <method line-rate="0" branch-rate="1" complexity="1" name="Div" signature="(int, int)">
              <lines>
                <line number="15" hits="0" branch="False" />
                <line number="16" hits="0" branch="False" />
                <line number="17" hits="0" branch="False" />
              </lines>
            </method>
          </methods>
          <lines>
            <line number="3" hits="1" branch="False" />
            <line number="4" hits="1" branch="False" />
            <line number="5" hits="1" branch="False" />
            <line number="7" hits="0" branch="False" />
            <line number="8" hits="0" branch="False" />
            <line number="9" hits="0" branch="False" />
            <line number="11" hits="0" branch="False" />
            <line number="12" hits="0" branch="False" />
            <line number="13" hits="0" branch="False" />
            <line number="15" hits="0" branch="False" />
            <line number="16" hits="0" branch="False" />
            <line number="17" hits="0" branch="False" />
          </lines>
        </class>
      </classes>
    </package>
    <package line-rate="1" branch-rate="0" complexity="1" name="TestScientificCalculator">
      <classes>
        <class line-rate="1" branch-rate="1" complexity="1" name="TestScientificCalculator.UnitTestCalculator" filename="C:\Users\e001150\GithubActionsExample\TestScientificCalculator\UnitTestCalculator.cs">
          <methods>
            <method line-rate="1" branch-rate="1" complexity="1" name="TestAddMethod" signature="()">
              <lines>
                <line number="10" hits="1" branch="False" />
                <line number="11" hits="1" branch="False" />
                <line number="12" hits="1" branch="False" />
                <line number="13" hits="1" branch="False" />
              </lines>
            </method>
          </methods>
          <lines>
            <line number="10" hits="1" branch="False" />
            <line number="11" hits="1" branch="False" />
            <line number="12" hits="1" branch="False" />
            <line number="13" hits="1" branch="False" />
          </lines>
        </class>
      </classes>
    </package>
  </packages>
</coverage>